[11:24:57] [main/INFO]: Loading for game Minecraft 1.16.5
[11:24:58] [main/INFO]: [FabricLoader] Loading 3 mods: minecraft@1.16.5, java@8, fabricloader@0.11.0
[11:24:58] [main/INFO]: SpongePowered MIXIN Subsystem Version=0.8.2 Source=file:/C:/Users/PC/.gradle/caches/modules-2/files-2.1/net.fabricmc/sponge-mixin/0.8.2+build.24/e5a741445d0f425bf3cce946c6cf8c7fb8376b2/sponge-mixin-0.8.2+build.24.jar Service=Knot/Fabric Env=CLIENT
[11:25:04] [main/INFO]: Environment: authHost='https://authserver.mojang.com', accountsHost='https://api.mojang.com', sessionHost='https://sessionserver.mojang.com', servicesHost='https://api.minecraftservices.com', name='PROD'
[11:25:06] [main/ERROR]: Failed to verify authentication
com.mojang.authlib.exceptions.AuthenticationUnavailableException: null
	at com.mojang.authlib.yggdrasil.YggdrasilSocialInteractionsService.checkPrivileges(YggdrasilSocialInteractionsService.java:97) ~[authlib-2.1.28.jar:?]
	at com.mojang.authlib.yggdrasil.YggdrasilSocialInteractionsService.<init>(YggdrasilSocialInteractionsService.java:40) ~[authlib-2.1.28.jar:?]
	at com.mojang.authlib.yggdrasil.YggdrasilAuthenticationService.createSocialInteractionsService(YggdrasilAuthenticationService.java:152) ~[authlib-2.1.28.jar:?]
	at net.minecraft.client.MinecraftClient.method_31382(MinecraftClient.java:625) [intermediary-minecraft-1.16.5-mapped-net.fabricmc.yarn-1.16.5+build.1-v2.jar:?]
	at net.minecraft.client.MinecraftClient.<init>(MinecraftClient.java:409) [intermediary-minecraft-1.16.5-mapped-net.fabricmc.yarn-1.16.5+build.1-v2.jar:?]
	at net.minecraft.client.main.Main.main(Main.java:177) [intermediary-minecraft-1.16.5-mapped-net.fabricmc.yarn-1.16.5+build.1-v2.jar:?]
	at sun.reflect.NativeMethodAccessorImpl.invoke0(Native Method) ~[?:1.8.0_275]
	at sun.reflect.NativeMethodAccessorImpl.invoke(NativeMethodAccessorImpl.java:62) ~[?:1.8.0_275]
	at sun.reflect.DelegatingMethodAccessorImpl.invoke(DelegatingMethodAccessorImpl.java:43) ~[?:1.8.0_275]
	at java.lang.reflect.Method.invoke(Method.java:498) ~[?:1.8.0_275]
	at net.fabricmc.loader.game.MinecraftGameProvider.launch(MinecraftGameProvider.java:226) [fabric-loader-0.11.0@net.fabricmc.yarn.1_16_5.1.16.5+build.1-v2.jar:?]
	at net.fabricmc.loader.launch.knot.Knot.init(Knot.java:139) [fabric-loader-0.11.0@net.fabricmc.yarn.1_16_5.1.16.5+build.1-v2.jar:?]
	at net.fabricmc.loader.launch.knot.KnotClient.main(KnotClient.java:27) [fabric-loader-0.11.0@net.fabricmc.yarn.1_16_5.1.16.5+build.1-v2.jar:?]
	at net.fabricmc.devlaunchinjector.Main.main(Main.java:86) [dev-launch-injector-0.2.1+build.8.jar:?]
[11:25:06] [main/INFO]: Setting user: Player558
[11:25:06] [main/INFO]: [STDERR]: [LWJGL] Failed to load a library. Possible solutions:
	a) Add the directory that contains the shared library to -Djava.library.path or -Dorg.lwjgl.librarypath.
	b) Add the JAR that contains the shared library to the classpath.
[11:25:06] [main/INFO]: [STDERR]: [LWJGL] Enable debug mode with -Dorg.lwjgl.util.Debug=true for better diagnostics.
[11:25:06] [main/INFO]: [STDERR]: [LWJGL] Enable the SharedLibraryLoader debug mode with -Dorg.lwjgl.util.DebugLoader=true for better diagnostics.
